This file contains any messages produced by compilers while
running configure, to aid debugging if configure makes a mistake.

It was created by configure, which was
generated by GNU Autoconf 2.57.  Invocation command line was

  $ ./configure 

## --------- ##
## Platform. ##
## --------- ##

hostname = rapitore
uname -m = i686
uname -r = 2.4.22
uname -s = Linux
uname -v = #1 Sun Nov 23 08:29:49 CET 2003

/usr/bin/uname -p = unknown
/bin/uname -X     = unknown

/bin/arch              = i686
/usr/bin/arch -k       = unknown
/usr/convex/getsysinfo = unknown
hostinfo               = unknown
/bin/machine           = unknown
/usr/bin/oslevel       = unknown
/bin/universe          = unknown

PATH: /libexec/mmux-admin/0.1a2
PATH: /libexec/mmux-user/0.1a1
PATH: /home/marco/bin
PATH: /usr/local/bin
PATH: /usr/bin
PATH: /bin
PATH: /usr/X11R6/bin
PATH: /usr/bin/X11
PATH: /usr/games


## ----------- ##
## Core tests. ##
## ----------- ##

configure:1178: loading site script /usr/local/etc/config.site
| # config.site --
| # 
| # Part of: Azzurra for "/usr/local"
| # Contents: site-wide configuration file for GNU Autoconf
| # Date: Tue Dec 31, 2002
| # 
| # Abstract
| # 
| #	This file is automatically sourced by GNU Autoconf whenever
| #	the "configure" script is executed with "--prefix=/usr/local"
| #	as argument.
| #
| #	  It sets default directories values.
| # 
| # Copyright (c)  2002, 2003  Marco Maggi
| # 
| # This file  is free software you  can redistribute it  and/or modify it
| # under the terms of the GNU  General Public License as published by the
| # Free Software  Foundation; either version  2, or (at your  option) any
| # later version.
| # 
| # This  file is  distributed in  the hope  that it  will be  useful, but
| # WITHOUT   ANY  WARRANTY;   without  even   the  implied   warranty  of
| # MERCHANTABILITY  or FITNESS  FOR A  PARTICULAR PURPOSE.   See  the GNU
| # General Public License for more details.
| # 
| # You  should have received  a copy  of the  GNU General  Public License
| # along with this file; see the file COPYING.  If not, write to the Free
| # Software Foundation,  Inc., 59  Temple Place -  Suite 330,  Boston, MA
| # 02111-1307, USA.
| # 
| # $Id: config.site,v 1.1.1.8 2003/09/03 05:59:59 marco Exp $
| 
| #PAGE
| ## ------------------------------------------------------------
| ## Installation directories.
| ## ------------------------------------------------------------
| 
| prefix="/usr/local"
| exec_prefix="${prefix}"
| 
| bindir="${prefix}/bin"
| sbindir="${prefix}/sbin"
| sysconfdir="${prefix}/etc"
| libdir="${prefix}/lib"
| libexecdir="${prefix}/libexec"
| 
| sharedstatedir="${prefix}/var"
| localstatedir="${prefix}/var"
| 
| datadir="${prefix}/share"
| infodir="${prefix}/info"
| mandir="${prefix}/man"
| docdir="${prefix}/doc"
| includedir="${prefix}/include"
| 
| 
| if test -n "${PACKAGE}" -a -n "${VERSION}"
| then
|     pkgsysconfdir="\$(sysconf)/$(PACKAGE)_$(VERSION)"
|     pkgincludedir="\$(includedir)/$(PACKAGE)_$(VERSION)"
|     pkgdatadir="\$(datadir)/$(PACKAGE)_$(VERSION)"
|     pkgdocdir="\$(docdir)/$(PACKAGE)_$(VERSION)"
|     pkghtmldir="\$(pkgdocdir)/HTML"
|     pkglibdir="\$(libdir)/$(PACKAGE)_$(VERSION)"
|     pkglibexecdir="\$(libexecdir)/$(PACKAGE)_$(VERSION)"
|     pkgexampledir="\$(pkgdocdir)/examples"
| fi
| 
| 
| ### end of file
| # Local Variables:
| # mode: sh
| # page-delimiter: "^#PAGE"
| # End:
configure:1344: checking for correct TEA configuration
configure:1353: result: ok
configure:1434: checking for Tcl configuration
configure:1505: result: found /usr/local/lib/tclConfig.sh
configure:1511: checking for existence of /usr/local/lib/tclConfig.sh
configure:1515: result: loading
configure:1592: checking for Tk configuration
configure:1660: result: found /usr/local/lib/tkConfig.sh
configure:1667: checking for existence of /usr/local/lib/tkConfig.sh
configure:1671: result: loading
configure:1811: checking for gcc
configure:1827: found /usr/local/bin/gcc
configure:1837: result: gcc
configure:2081: checking for C compiler version
configure:2084: gcc --version </dev/null >&5
gcc (GCC) 3.4.2
Copyright (C) 2004 Free Software Foundation, Inc.
This is free software; see the source for copying conditions.  There is NO
warranty; not even for MERCHANTABILITY or FITNESS FOR A PARTICULAR PURPOSE.

configure:2087: $? = 0
configure:2089: gcc -v </dev/null >&5
Reading specs from /usr/local/lib/gcc/i686-pc-linux-gnu/3.4.2/specs
Configured with: ../configure --enable-languages=c,c++ --disable-threads --enable-shared --with-cpu=i386
Thread model: single
gcc version 3.4.2
configure:2092: $? = 0
configure:2094: gcc -V </dev/null >&5
gcc: `-V' option must have argument
configure:2097: $? = 1
configure:2121: checking for C compiler default output
configure:2124: gcc    conftest.c  >&5
configure:2127: $? = 0
configure:2173: result: a.out
configure:2178: checking whether the C compiler works
configure:2184: ./a.out
configure:2187: $? = 0
configure:2204: result: yes
configure:2211: checking whether we are cross compiling
configure:2213: result: no
configure:2216: checking for suffix of executables
configure:2218: gcc -o conftest    conftest.c  >&5
configure:2221: $? = 0
configure:2246: result: 
configure:2252: checking for suffix of object files
configure:2274: gcc -c   conftest.c >&5
configure:2277: $? = 0
configure:2299: result: o
configure:2303: checking whether we are using the GNU C compiler
configure:2328: gcc -c   conftest.c >&5
configure:2331: $? = 0
configure:2334: test -s conftest.o
configure:2337: $? = 0
configure:2350: result: yes
configure:2356: checking whether gcc accepts -g
configure:2378: gcc -c -g  conftest.c >&5
configure:2381: $? = 0
configure:2384: test -s conftest.o
configure:2387: $? = 0
configure:2398: result: yes
configure:2415: checking for gcc option to accept ANSI C
configure:2476: gcc  -c   conftest.c >&5
configure:2479: $? = 0
configure:2482: test -s conftest.o
configure:2485: $? = 0
configure:2503: result: none needed
configure:2521: gcc -c   conftest.c >&5
conftest.c:2: error: parse error before "me"
configure:2524: $? = 1
configure: failed program was:
| #ifndef __cplusplus
|   choke me
| #endif
configure:2640: checking if the compiler understands -pipe
configure:2661: gcc -pipe -c   conftest.c >&5
configure:2664: $? = 0
configure:2667: test -s conftest.o
configure:2670: $? = 0
configure:2672: result: yes
configure:2697: checking for a BSD-compatible install
configure:2751: result: /usr/bin/install -c
configure:2767: checking whether make sets $(MAKE)
configure:2787: result: yes
configure:2842: checking for ranlib
configure:2858: found /usr/local/bin/ranlib
configure:2869: result: ranlib
configure:2900: checking for Tcl public headers
configure:2955: result: /usr/local/include
configure:2968: checking for Tk public headers
configure:3024: result: /usr/local/include
configure:3525: checking for building with threads
configure:3535: result: no (default)
configure:3571: checking how to build libraries
configure:3589: result: shared
configure:3615: checking how to run the C preprocessor
configure:3651: gcc -pipe -E  conftest.c
configure:3657: $? = 0
configure:3689: gcc -pipe -E  conftest.c
configure:3689:28: ac_nonexistent.h: No such file or directory
configure:3695: $? = 1
configure: failed program was:
| #line 3680 "configure"
| /* confdefs.h.  */
| 
| #define PACKAGE_NAME ""
| #define PACKAGE_TARNAME ""
| #define PACKAGE_VERSION ""
| #define PACKAGE_STRING ""
| #define PACKAGE_BUGREPORT ""
| #define VERSION "0.1.0"
| /* end confdefs.h.  */
| #include <ac_nonexistent.h>
configure:3733: result: gcc -pipe -E
configure:3758: gcc -pipe -E  conftest.c
configure:3764: $? = 0
configure:3796: gcc -pipe -E  conftest.c
configure:3796:28: ac_nonexistent.h: No such file or directory
configure:3802: $? = 1
configure: failed program was:
| #line 3787 "configure"
| /* confdefs.h.  */
| 
| #define PACKAGE_NAME ""
| #define PACKAGE_TARNAME ""
| #define PACKAGE_VERSION ""
| #define PACKAGE_STRING ""
| #define PACKAGE_BUGREPORT ""
| #define VERSION "0.1.0"
| /* end confdefs.h.  */
| #include <ac_nonexistent.h>
configure:3845: checking for egrep
configure:3855: result: grep -E
configure:3860: checking for ANSI C header files
configure:3886: gcc -pipe -c   conftest.c >&5
configure:3889: $? = 0
configure:3892: test -s conftest.o
configure:3895: $? = 0
configure:3984: gcc -pipe -o conftest    conftest.c  >&5
configure:3987: $? = 0
configure:3989: ./conftest
configure:3992: $? = 0
configure:4007: result: yes
configure:4031: checking for sys/types.h
configure:4048: gcc -pipe -c   conftest.c >&5
configure:4051: $? = 0
configure:4054: test -s conftest.o
configure:4057: $? = 0
configure:4068: result: yes
configure:4031: checking for sys/stat.h
configure:4048: gcc -pipe -c   conftest.c >&5
configure:4051: $? = 0
configure:4054: test -s conftest.o
configure:4057: $? = 0
configure:4068: result: yes
configure:4031: checking for stdlib.h
configure:4048: gcc -pipe -c   conftest.c >&5
configure:4051: $? = 0
configure:4054: test -s conftest.o
configure:4057: $? = 0
configure:4068: result: yes
configure:4031: checking for string.h
configure:4048: gcc -pipe -c   conftest.c >&5
configure:4051: $? = 0
configure:4054: test -s conftest.o
configure:4057: $? = 0
configure:4068: result: yes
configure:4031: checking for memory.h
configure:4048: gcc -pipe -c   conftest.c >&5
configure:4051: $? = 0
configure:4054: test -s conftest.o
configure:4057: $? = 0
configure:4068: result: yes
configure:4031: checking for strings.h
configure:4048: gcc -pipe -c   conftest.c >&5
configure:4051: $? = 0
configure:4054: test -s conftest.o
configure:4057: $? = 0
configure:4068: result: yes
configure:4031: checking for inttypes.h
configure:4048: gcc -pipe -c   conftest.c >&5
configure:4051: $? = 0
configure:4054: test -s conftest.o
configure:4057: $? = 0
configure:4068: result: yes
configure:4031: checking for stdint.h
configure:4048: gcc -pipe -c   conftest.c >&5
configure:4051: $? = 0
configure:4054: test -s conftest.o
configure:4057: $? = 0
configure:4068: result: yes
configure:4031: checking for unistd.h
configure:4048: gcc -pipe -c   conftest.c >&5
configure:4051: $? = 0
configure:4054: test -s conftest.o
configure:4057: $? = 0
configure:4068: result: yes
configure:4090: checking if 64bit support is enabled
configure:4099: result: no
configure:4104: checking if 64bit Sparc VIS support is requested
configure:4113: result: no
configure:4125: checking system version (for dynamic loading)
configure:4148: result: Linux-2.4.22
configure:4156: checking for dlopen in -ldl
configure:4187: gcc -pipe -o conftest    conftest.c -ldl   >&5
configure:4190: $? = 0
configure:4193: test -s conftest
configure:4196: $? = 0
configure:4208: result: yes
configure:4238: checking for ar
configure:4254: found /usr/local/bin/ar
configure:4264: result: ar
configure:5953: checking for build with symbols
configure:5967: result: no
configure:6010: checking for X
configure:6116: gcc -pipe -E  conftest.c
configure:6122: $? = 0
configure:6172: gcc -pipe -o conftest   -rdynamic conftest.c -lXt  >&5
/usr/local/lib/gcc/i686-pc-linux-gnu/3.4.2/../../../../i686-pc-linux-gnu/bin/ld: cannot find -lXt
collect2: ld returned 1 exit status
configure:6175: $? = 1
configure: failed program was:
| #line 6155 "configure"
| /* confdefs.h.  */
| 
| #define PACKAGE_NAME ""
| #define PACKAGE_TARNAME ""
| #define PACKAGE_VERSION ""
| #define PACKAGE_STRING ""
| #define PACKAGE_BUGREPORT ""
| #define VERSION "0.1.0"
| #define STDC_HEADERS 1
| #define HAVE_SYS_TYPES_H 1
| #define HAVE_SYS_STAT_H 1
| #define HAVE_STDLIB_H 1
| #define HAVE_STRING_H 1
| #define HAVE_MEMORY_H 1
| #define HAVE_STRINGS_H 1
| #define HAVE_INTTYPES_H 1
| #define HAVE_STDINT_H 1
| #define HAVE_UNISTD_H 1
| /* end confdefs.h.  */
| #include <X11/Intrinsic.h>
| int
| main ()
| {
| XtMalloc (0)
|   ;
|   return 0;
| }
configure:6230: result: libraries /usr/X11R6/lib, headers 
configure:6246: gcc -pipe -E  conftest.c
configure:6256:28: X11/XIntrinsic.h: No such file or directory
configure:6252: $? = 1
configure: failed program was:
| #line 6237 "configure"
| /* confdefs.h.  */
| 
| #define PACKAGE_NAME ""
| #define PACKAGE_TARNAME ""
| #define PACKAGE_VERSION ""
| #define PACKAGE_STRING ""
| #define PACKAGE_BUGREPORT ""
| #define VERSION "0.1.0"
| #define STDC_HEADERS 1
| #define HAVE_SYS_TYPES_H 1
| #define HAVE_SYS_STAT_H 1
| #define HAVE_STDLIB_H 1
| #define HAVE_STRING_H 1
| #define HAVE_MEMORY_H 1
| #define HAVE_STRINGS_H 1
| #define HAVE_INTTYPES_H 1
| #define HAVE_STDINT_H 1
| #define HAVE_UNISTD_H 1
| /* end confdefs.h.  */
| #include <X11/XIntrinsic.h>
configure:6278: checking for X11 header files
configure:6290: gcc -pipe -E  conftest.c
configure:6296: $? = 0
configure:6538: checking for tclsh
configure:6563: result: /usr/local/lib/../bin/tclsh8.4
configure:6573: checking for wish
configure:6598: result: /usr/local/lib/../bin/wish8.4
configure:6739: creating ./config.status

## ---------------------- ##
## Running config.status. ##
## ---------------------- ##

This file was extended by config.status, which was
generated by GNU Autoconf 2.57.  Invocation command line was

  CONFIG_FILES    = 
  CONFIG_HEADERS  = 
  CONFIG_LINKS    = 
  CONFIG_COMMANDS = 
  $ ./config.status 

on rapitore

config.status:670: creating Makefile
config.status:670: creating tests/libs.tcl
config.status:670: creating DESCRIPTION.txt

## ---------------- ##
## Cache variables. ##
## ---------------- ##

ac_cv_c_compiler_gnu=yes
ac_cv_c_tclconfig=/usr/local/lib
ac_cv_c_tclh=/usr/local/include
ac_cv_c_tkconfig=/usr/local/lib
ac_cv_c_tkh=/usr/local/include
ac_cv_env_CC_set=
ac_cv_env_CC_value=
ac_cv_env_CFLAGS_set=
ac_cv_env_CFLAGS_value=
ac_cv_env_CPPFLAGS_set=
ac_cv_env_CPPFLAGS_value=
ac_cv_env_CPP_set=
ac_cv_env_CPP_value=
ac_cv_env_LDFLAGS_set=
ac_cv_env_LDFLAGS_value=
ac_cv_env_build_alias_set=
ac_cv_env_build_alias_value=
ac_cv_env_host_alias_set=
ac_cv_env_host_alias_value=
ac_cv_env_target_alias_set=
ac_cv_env_target_alias_value=
ac_cv_exeext=
ac_cv_have_x='have_x=yes 		ac_x_includes= ac_x_libraries=/usr/X11R6/lib'
ac_cv_header_inttypes_h=yes
ac_cv_header_memory_h=yes
ac_cv_header_stdc=yes
ac_cv_header_stdint_h=yes
ac_cv_header_stdlib_h=yes
ac_cv_header_string_h=yes
ac_cv_header_strings_h=yes
ac_cv_header_sys_stat_h=yes
ac_cv_header_sys_types_h=yes
ac_cv_header_unistd_h=yes
ac_cv_lib_dl_dlopen=yes
ac_cv_objext=o
ac_cv_path_install='/usr/bin/install -c'
ac_cv_path_tclsh=/usr/local/lib/../bin/tclsh8.4
ac_cv_path_wish=/usr/local/lib/../bin/wish8.4
ac_cv_prog_AR=ar
ac_cv_prog_CPP='gcc -pipe -E'
ac_cv_prog_ac_ct_CC=gcc
ac_cv_prog_ac_ct_RANLIB=ranlib
ac_cv_prog_cc_g=yes
ac_cv_prog_cc_stdc=
ac_cv_prog_egrep='grep -E'
ac_cv_prog_make_make_set=yes

## ----------------- ##
## Output variables. ##
## ----------------- ##

AR='ar'
CC='gcc -pipe'
CFLAGS=' ${CFLAGS_DEFAULT} ${CFLAGS_WARNING} ${SHLIB_CFLAGS}'
CFLAGS_DEBUG='-g'
CFLAGS_DEFAULT='$(CFLAGS_OPTIMIZE)'
CFLAGS_OPTIMIZE='-O -D__NO_STRING_INLINES -D__NO_MATH_INLINES'
CFLAGS_WARNING='-Wall -Wconversion -Wno-implicit-int'
CLEANFILES='pkgIndex.tcl tkSquare.tcl'
CONFIGDIR='./tclconfig'
CPP='gcc -pipe -E'
CPPFLAGS=''
CYGPATH='echo'
DEFS='-DPACKAGE_NAME=\"\" -DPACKAGE_TARNAME=\"\" -DPACKAGE_VERSION=\"\" -DPACKAGE_STRING=\"\" -DPACKAGE_BUGREPORT=\"\" -DVERSION=\"0.1.0\" -DSTDC_HEADERS=1 -DHAVE_SYS_TYPES_H=1 -DHAVE_SYS_STAT_H=1 -DHAVE_STDLIB_H=1 -DHAVE_STRING_H=1 -DHAVE_MEMORY_H=1 -DHAVE_STRINGS_H=1 -DHAVE_INTTYPES_H=1 -DHAVE_STDINT_H=1 -DHAVE_UNISTD_H=1 -DUSE_TCL_STUBS=1 -DUSE_TK_STUBS=1 '
DL_LIBS='-ldl'
ECHO_C=''
ECHO_N='-n'
ECHO_T=''
EGREP='grep -E'
EXEEXT=''
EXTRA_CFLAGS=''
EXTRA_SOURCES='$(UNIX_SOURCES)'
INSTALL_DATA='${INSTALL} -m 644'
INSTALL_PROGRAM='${INSTALL}'
INSTALL_SCRIPT='${INSTALL}'
LDFLAGS='-rdynamic'
LDFLAGS_DEBUG=''
LDFLAGS_DEFAULT='$(LDFLAGS_OPTIMIZE)'
LDFLAGS_OPTIMIZE=''
LIBOBJS=''
LIBS=' -L/usr/X11R6/lib -lX11'
LTLIBOBJS=''
MAKE_LIB='${SHLIB_LD} -o $@ $($(PACKAGE)_OBJECTS) ${SHLIB_LDFLAGS} ${SHLIB_LD_LIBS} '
MAKE_SHARED_LIB='${SHLIB_LD} -o $@ $($(PACKAGE)_OBJECTS) ${SHLIB_LDFLAGS} ${SHLIB_LD_LIBS}'
MAKE_STATIC_LIB='${STLIB_LD} $@ $($(PACKAGE)_OBJECTS)'
MAKE_STUB_LIB='${STLIB_LD} $@ $($(PACKAGE)stub_OBJECTS)'
OBJEXT='o'
PACKAGE='tksquare'
PACKAGE_BUGREPORT=''
PACKAGE_NAME=''
PACKAGE_STRING=''
PACKAGE_TARNAME=''
PACKAGE_VERSION=''
PATH_SEPARATOR=':'
RANLIB=':'
SET_MAKE=''
SHARED_BUILD='1'
SHELL='/bin/sh'
SHLIB_CFLAGS='-fPIC'
SHLIB_LD='gcc -pipe -shared'
SHLIB_LDFLAGS='$(LDFLAGS_DEFAULT)'
SHLIB_LD_LIBS='${LIBS} -L/usr/local/lib -ltclstub8.4 -L/usr/local/lib -ltkstub8.4'
STLIB_LD='${AR} cr'
TCLSH_PROG='/usr/local/lib/../bin/tclsh8.4'
TCL_BIN_DIR='/usr/local/lib'
TCL_DBGX=''
TCL_DEFS=' -DPEEK_XCLOSEIM=1 -D_LARGEFILE64_SOURCE=1 -DTCL_WIDE_INT_TYPE=long\ long -DHAVE_STRUCT_STAT64=1 -DHAVE_TYPE_OFF64_T=1 -DHAVE_GETCWD=1 -DHAVE_OPENDIR=1 -DHAVE_STRSTR=1 -DHAVE_STRTOL=1 -DHAVE_STRTOLL=1 -DHAVE_STRTOULL=1 -DHAVE_TMPNAM=1 -DHAVE_WAITPID=1 -DHAVE_LIMITS_H=1 -DHAVE_UNISTD_H=1 -DHAVE_SYS_PARAM_H=1 -DUSE_TERMIOS=1 -DHAVE_SYS_TIME_H=1 -DTIME_WITH_SYS_TIME=1 -DHAVE_TM_ZONE=1 -DHAVE_GMTIME_R=1 -DHAVE_LOCALTIME_R=1 -DHAVE_TM_GMTOFF=1 -DHAVE_TIMEZONE_VAR=1 -DHAVE_ST_BLKSIZE=1 -DSTDC_HEADERS=1 -DHAVE_SIGNED_CHAR=1 -DHAVE_LANGINFO=1 -DHAVE_SYS_IOCTL_H=1 '
TCL_EXTRA_CFLAGS=''
TCL_INCLUDES='-I"/usr/local/include"'
TCL_LD_FLAGS=' -Wl,--export-dynamic'
TCL_LIBS='-ldl  -lieee -lm'
TCL_LIB_FILE='libtcl8.4.so'
TCL_LIB_FLAG='-ltcl8.4'
TCL_LIB_SPEC='-L/usr/local/lib -ltcl8.4'
TCL_SHLIB_LD_LIBS='${LIBS}'
TCL_SRC_DIR='/home/azzurra/local/tmp/tcl/tcl8.4.8'
TCL_STUB_LIB_FILE='libtclstub8.4.a'
TCL_STUB_LIB_FLAG='-ltclstub8.4'
TCL_STUB_LIB_SPEC='-L/usr/local/lib -ltclstub8.4'
TCL_THREADS='0'
TCL_VERSION='8.4'
TK_BIN_DIR='/usr/local/lib'
TK_INCLUDES='-I"/usr/local/include"'
TK_LIBS='-L/usr/X11R6/lib -lX11 -ldl  -lieee -lm'
TK_LIB_FILE='libtk8.4.so'
TK_LIB_FLAG='-ltk8.4'
TK_LIB_SPEC='-L/usr/local/lib -ltk8.4'
TK_SRC_DIR='/home/azzurra/local/tmp/tcl/tk8.4.8'
TK_STUB_LIB_FILE='libtkstub8.4.a'
TK_STUB_LIB_FLAG='-ltkstub8.4'
TK_STUB_LIB_SPEC='-L/usr/local/lib -ltkstub8.4'
TK_VERSION='8.4'
TK_XINCLUDES=''
VERSION='0.1.0'
WISH_PROG='/usr/local/lib/../bin/wish8.4'
ac_ct_CC='gcc'
ac_ct_RANLIB='ranlib'
bindir='/usr/local/bin'
build_alias=''
datadir='/usr/local/share'
exec_prefix='/usr/local'
host_alias=''
includedir='/usr/local/include'
infodir='/usr/local/info'
libdir='/usr/local/lib'
libexecdir='/usr/local/libexec'
localstatedir='/usr/local/var'
mandir='/usr/local/man'
oldincludedir='/usr/include'
prefix='/usr/local'
program_transform_name='s,x,x,'
sbindir='/usr/local/sbin'
sharedstatedir='/usr/local/var'
sysconfdir='/usr/local/etc'
target_alias=''
tksquare_LIB_FILE='libtksquare0.1.0.so'

## ----------- ##
## confdefs.h. ##
## ----------- ##

#define HAVE_INTTYPES_H 1
#define HAVE_MEMORY_H 1
#define HAVE_STDINT_H 1
#define HAVE_STDLIB_H 1
#define HAVE_STRINGS_H 1
#define HAVE_STRING_H 1
#define HAVE_SYS_STAT_H 1
#define HAVE_SYS_TYPES_H 1
#define HAVE_UNISTD_H 1
#define PACKAGE_BUGREPORT ""
#define PACKAGE_NAME ""
#define PACKAGE_STRING ""
#define PACKAGE_TARNAME ""
#define PACKAGE_VERSION ""
#define STDC_HEADERS 1
#define USE_TCL_STUBS 1
#define USE_TK_STUBS 1
#define VERSION "0.1.0"

configure: exit 0

## ---------------------- ##
## Running config.status. ##
## ---------------------- ##

This file was extended by config.status, which was
generated by GNU Autoconf 2.57.  Invocation command line was

  CONFIG_FILES    = 
  CONFIG_HEADERS  = 
  CONFIG_LINKS    = 
  CONFIG_COMMANDS = 
  $ ./config.status 

on rapitore

config.status:670: creating Makefile
config.status:670: creating tests/libs.tcl
config.status:670: creating DESCRIPTION.txt
